<?xml version="1.0" encoding="UTF-8"?>
<!-- Generated by org.testng.reporters.JUnitReportReporter -->
<testsuite hostname="DESKTOP-5N1P76C" failures="0" tests="2" name="com.lbrce.cse2.UserValidationTest" time="0.017" errors="0" timestamp="2023-11-07T11:59:08 IST" skipped="0">
  <testcase classname="com.lbrce.cse2.UserValidationTest" name="testCase1" time="0.017"/>
  <testcase classname="com.lbrce.cse2.UserValidationTest" name="testCase2" time="0.000"/>
</testsuite> <!-- com.lbrce.cse2.UserValidationTest -->
